<?xml version="1.0" encoding="UTF-8"?>
<testsuite name="PowerTest" tests="4" skipped="0" failures="0" errors="0" timestamp="2022-01-29T05:14:26" hostname="LAPTOP-AIJUU76F" time="0.007">
  <properties/>
  <testcase name="shouldReturnTwoForOnePowerOfTwo" classname="PowerTest" time="0.006"/>
  <testcase name="shouldReturnNineForTwoPowerOfThree" classname="PowerTest" time="0.0"/>
  <testcase name="shouldReturnOnefForOnePowerOfOne" classname="PowerTest" time="0.0"/>
  <testcase name="shouldReturnFourForTwoPowerOfTwo" classname="PowerTest" time="0.001"/>
  <system-out><![CDATA[]]></system-out>
  <system-err><![CDATA[]]></system-err>
</testsuite>
